0 info it worked if it ends with ok
1 verbose cli [ 'node', '/usr/bin/npm', 'run', 'server' ]
2 info using npm@3.10.6
3 info using node@v0.10.46
4 verbose node symlink /usr/bin/node
5 verbose run-script [ 'preserver', 'server', 'postserver' ]
6 info lifecycle front@1.0.0~preserver: front@1.0.0
7 silly lifecycle front@1.0.0~preserver: no script for preserver, continuing
8 info lifecycle front@1.0.0~server: front@1.0.0
9 verbose lifecycle front@1.0.0~server: unsafe-perm in lifecycle true
10 verbose lifecycle front@1.0.0~server: PATH: /usr/lib/node_modules/npm/bin/node-gyp-bin:/var/www/app/front/node_modules/.bin:/usr/local/sbin:/usr/local/bin:/usr/sbin:/usr/bin:/sbin:/bin:/usr/games:/usr/local/games
11 verbose lifecycle front@1.0.0~server: CWD: /var/www/app/front
12 silly lifecycle front@1.0.0~server: Args: [ '-c',
12 silly lifecycle   'webpack -d --config=webpack.server.config.js --progress && node app/server/server' ]
13 silly lifecycle front@1.0.0~server: Returned: code: 8  signal: null
14 info lifecycle front@1.0.0~server: Failed to exec server script
15 verbose stack Error: front@1.0.0 server: `webpack -d --config=webpack.server.config.js --progress && node app/server/server`
15 verbose stack Exit status 8
15 verbose stack     at EventEmitter.<anonymous> (/usr/lib/node_modules/npm/lib/utils/lifecycle.js:255:16)
15 verbose stack     at EventEmitter.emit (events.js:98:17)
15 verbose stack     at ChildProcess.<anonymous> (/usr/lib/node_modules/npm/lib/utils/spawn.js:40:14)
15 verbose stack     at ChildProcess.emit (events.js:98:17)
15 verbose stack     at maybeClose (child_process.js:766:16)
15 verbose stack     at Process.ChildProcess._handle.onexit (child_process.js:833:5)
16 verbose pkgid front@1.0.0
17 verbose cwd /var/www/app/front
18 error Linux 3.13.0-87-generic
19 error argv "node" "/usr/bin/npm" "run" "server"
20 error node v0.10.46
21 error npm  v3.10.6
22 error code ELIFECYCLE
23 error front@1.0.0 server: `webpack -d --config=webpack.server.config.js --progress && node app/server/server`
23 error Exit status 8
24 error Failed at the front@1.0.0 server script 'webpack -d --config=webpack.server.config.js --progress && node app/server/server'.
24 error Make sure you have the latest version of node.js and npm installed.
24 error If you do, this is most likely a problem with the front package,
24 error not with npm itself.
24 error Tell the author that this fails on your system:
24 error     webpack -d --config=webpack.server.config.js --progress && node app/server/server
24 error You can get information on how to open an issue for this project with:
24 error     npm bugs front
24 error Or if that isn't available, you can get their info via:
24 error     npm owner ls front
24 error There is likely additional logging output above.
25 verbose exit [ 1, true ]
